This is pdfTeX, Version 3.1415926-1.40.10 (TeX Live 2009/Debian) (format=latex 2014.7.16)  24 JAN 2017 05:16
entering extended mode
 %&-line parsing enabled.
**./images.tex
(./images.tex
LaTeX2e <2009/09/24>
Babel <v3.8l> and hyphenation patterns for english, usenglishmax, dumylang, noh
yphenation, loaded.

(/usr/share/texmf-texlive/tex/latex/base/article.cls
Document Class: article 2007/10/19 v1.4h Standard LaTeX document class
(/usr/share/texmf-texlive/tex/latex/base/size10.clo
File: size10.clo 2007/10/19 v1.4h Standard LaTeX file (size option)
)
\c@part=\count79
\c@section=\count80
\c@subsection=\count81
\c@subsubsection=\count82
\c@paragraph=\count83
\c@subparagraph=\count84
\c@figure=\count85
\c@table=\count86
\abovecaptionskip=\skip41
\belowcaptionskip=\skip42
\bibindent=\dimen102
) (/usr/share/texmf-texlive/tex/latex/base/ifthen.sty
Package: ifthen 2001/05/26 v1.1c Standard LaTeX ifthen package (DPC)
) (/usr/share/texmf/tex/latex/html/html.sty
Package: html 1999/07/19 v1.38 hypertext commands for latex2html (nd, hws, rrm)

\c@lpart=\count87
\c@lchapter=\count88
\c@chapter=\count89
\c@lsection=\count90
\c@lsubsection=\count91
\c@lsubsubsection=\count92
\c@lparagraph=\count93
\c@lsubparagraph=\count94
\c@lsubsubparagraph=\count95
\ptrfile=\write3
) (/usr/share/texmf-texlive/tex/latex/graphics/color.sty
Package: color 2005/11/14 v1.0j Standard LaTeX Color (DPC)
(/etc/texmf/tex/latex/config/color.cfg
File: color.cfg 2007/01/18 v1.5 color configuration of teTeX/TeXLive
)
Package color Info: Driver file: dvips.def on input line 130.
(/usr/share/texmf-texlive/tex/latex/graphics/dvips.def
File: dvips.def 1999/02/16 v3.0i Driver-dependant file (DPC,SPQR)
) (/usr/share/texmf-texlive/tex/latex/graphics/dvipsnam.def
File: dvipsnam.def 1999/02/16 v3.0i Driver-dependant file (DPC,SPQR)
)) (/usr/share/texmf-texlive/tex/latex/tools/xspace.sty
Package: xspace 2006/05/08 v1.12 Space after command names (DPC,MH)
) (/usr/share/texmf-texlive/tex/latex/graphics/graphicx.sty
Package: graphicx 1999/02/16 v1.0f Enhanced LaTeX Graphics (DPC,SPQR)
(/usr/share/texmf-texlive/tex/latex/graphics/keyval.sty
Package: keyval 1999/03/16 v1.13 key=value parser (DPC)
\KV@toks@=\toks14
) (/usr/share/texmf-texlive/tex/latex/graphics/graphics.sty
Package: graphics 2009/02/05 v1.0o Standard LaTeX Graphics (DPC,SPQR)
(/usr/share/texmf-texlive/tex/latex/graphics/trig.sty
Package: trig 1999/03/16 v1.09 sin cos tan (DPC)
) (/etc/texmf/tex/latex/config/graphics.cfg
File: graphics.cfg 2009/08/28 v1.8 graphics configuration of TeX Live
)
Package graphics Info: Driver file: dvips.def on input line 91.
)
\Gin@req@height=\dimen103
\Gin@req@width=\dimen104
) (/usr/share/texmf-texlive/tex/latex/base/inputenc.sty
Package: inputenc 2008/03/30 v1.1d Input encoding file
\inpenc@prehook=\toks15
\inpenc@posthook=\toks16
(/usr/share/texmf-texlive/tex/latex/base/latin1.def
File: latin1.def 2008/03/30 v1.1d Input encoding file
))
\sizebox=\box26
\lthtmlwrite=\write4
No file images.aux.
\openout1 = `images.aux'.

LaTeX Font Info:    Checking defaults for OML/cmm/m/it on input line 494.
LaTeX Font Info:    ... okay on input line 494.
LaTeX Font Info:    Checking defaults for T1/cmr/m/n on input line 494.
LaTeX Font Info:    ... okay on input line 494.
LaTeX Font Info:    Checking defaults for OT1/cmr/m/n on input line 494.
LaTeX Font Info:    ... okay on input line 494.
LaTeX Font Info:    Checking defaults for OMS/cmsy/m/n on input line 494.
LaTeX Font Info:    ... okay on input line 494.
LaTeX Font Info:    Checking defaults for OMX/cmex/m/n on input line 494.
LaTeX Font Info:    ... okay on input line 494.
LaTeX Font Info:    Checking defaults for U/cmr/m/n on input line 494.
LaTeX Font Info:    ... okay on input line 494.

latex2htmlLength hsize=349.0pt

latex2htmlLength vsize=633.0pt

latex2htmlLength hoffset=0.0pt

latex2htmlLength voffset=0.0pt

latex2htmlLength topmargin=0.0pt

latex2htmlLength topskip=0.00003pt

latex2htmlLength headheight=0.0pt

latex2htmlLength headsep=0.0pt

latex2htmlLength parskip=0.0pt plus 1.0pt

latex2htmlLength oddsidemargin=62.0pt

latex2htmlLength evensidemargin=62.0pt

LaTeX Font Info:    External font `cmex10' loaded for size
(Font)              <7> on input line 552.
LaTeX Font Info:    External font `cmex10' loaded for size
(Font)              <5> on input line 552.
l2hSize :tex2html_wrap_inline7610:8.0pt::8.0pt::99.58786pt.
[1



]
l2hSize :tex2html_wrap_inline7612:6.45831pt::0.0pt::5.2894pt.
[2


]
l2hSize :tex2html_wrap_inline7614:6.95831pt::6.95831pt::44.08209pt.
[3


]
l2hSize :tex2html_wrap_inline7616:6.45831pt::0.0pt::4.82759pt.
[4


]
l2hSize :tex2html_wrap_inline7620:6.45831pt::0.0pt::6.50238pt.
[5


]
l2hSize :tex2html_wrap_inline7622:6.95831pt::6.95831pt::10.42886pt.
[6


]
l2hSize :tex2html_wrap_inline7626:8.0pt::8.0pt::97.6434pt.
[7


]
l2hSize :tex2html_wrap_inline7642:8.0pt::8.0pt::48.83795pt.
[8


]
l2hSize :tex2html_wrap_inline7646:6.45831pt::0.0pt::6.2153pt.
[9


]
l2hSize :tex2html_wrap_inline7652:8.0pt::8.0pt::88.31587pt.
[10


]
l2hSize :tex2html_wrap_inline7656:6.45831pt::0.0pt::5.50005pt.
[11


]
l2hSize :tex2html_wrap_inline7662:6.45831pt::0.0pt::5.50005pt.
[12


]
l2hSize :tex2html_wrap_inline7672:8.0pt::8.0pt::81.1214pt.
[13


]
l2hSize :tex2html_wrap_inline7692:8.91226pt::8.91226pt::75.37694pt.
[14


]
l2hSize :tex2html_wrap_inline7694:6.45831pt::0.0pt::5.59033pt.
[15


]
l2hSize :tex2html_wrap_inline7696:8.0pt::8.0pt::43.13887pt.
[16


]
l2hSize :tex2html_wrap_inline7698:8.91226pt::8.91226pt::35.42572pt.
[17


]
l2hSize :tex2html_wrap_inline7700:7.44444pt::7.44444pt::42.11797pt.
[18


]
l2hSize :tex2html_wrap_inline7702:6.45831pt::0.0pt::8.27783pt.
[19


]
l2hSize :tex2html_wrap_inline7704:6.95831pt::6.95831pt::8.27783pt.
[20


]
l2hSize :tex2html_wrap_inline7710:7.44444pt::7.44444pt::6.47229pt.
[21


]
l2hSize :tex2html_wrap_inline7720:6.95831pt::6.95831pt::9.99948pt.
[22


]
l2hSize :tex2html_wrap_inline7722:8.91226pt::8.91226pt::72.82062pt.
[23


]
l2hSize :tex2html_wrap_inline7726:7.33331pt::7.33331pt::8.40558pt.
[24


]
l2hSize :tex2html_wrap_inline7728:8.91226pt::8.91226pt::41.31117pt.
[25


]
l2hSize :tex2html_wrap_inline7732:6.95831pt::6.95831pt::5.76163pt.
[26


]
l2hSize :tex2html_wrap_inline7734:8.91226pt::8.91226pt::41.91534pt.
[27


]
l2hSize :tex2html_wrap_inline7742:8.64003pt::8.64003pt::70.74992pt.
[28


]
l2hSize :tex2html_wrap_inline7756:8.0pt::8.0pt::19.96536pt.
[29


]
l2hSize :tex2html_wrap_inline7758:8.0pt::8.0pt::22.72227pt.
[30


]
l2hSize :tex2html_wrap_inline7760:8.0pt::8.0pt::22.72227pt.
[31


]
l2hSize :tex2html_wrap_inline7762:8.0pt::8.0pt::22.72227pt.
[32


]
l2hSize :tex2html_wrap_inline7768:8.0pt::8.0pt::37.58334pt.
[33


]
l2hSize :tex2html_wrap_inline7770:8.0pt::8.0pt::37.58334pt.
[34


]
l2hSize :tex2html_wrap_inline7772:8.0pt::8.0pt::37.58334pt.
[35


]
l2hSize :tex2html_wrap_inline7776:8.0pt::8.0pt::45.36115pt.
[36


]
l2hSize :tex2html_wrap_inline7778:8.0pt::8.0pt::37.58334pt.
[37


]
l2hSize :displaymath7606:14.5pt::0.0pt::349.0pt.
[38


]
l2hSize :displaymath7607:61.00061pt::0.0pt::349.0pt.
[39


]
l2hSize :tex2html_wrap_inline16370:6.94444pt::0.0pt::31.92699pt.
[40


]
l2hSize :tex2html_wrap_inline16372:6.83331pt::0.0pt::8.58684pt.
[41


]
l2hSize :tex2html_wrap_inline16374:6.94444pt::0.0pt::4.79169pt.
[42


]
l2hSize :tex2html_wrap_inline16378:8.41226pt::0.0pt::38.22664pt.
[43


]
l2hSize :tex2html_wrap_inline16380:8.41226pt::0.0pt::14.88649pt.
[44


]
l2hSize :tex2html_wrap_inline16386:7.33331pt::7.33331pt::39.3489pt.
[45


]
l2hSize :tex2html_wrap_inline16390:7.33331pt::7.33331pt::12.21361pt.
[46


]
l2hSize :tex2html_wrap_inline16392:6.83331pt::0.0pt::8.00005pt.
[47


]
l2hSize :tex2html_wrap_inline16394:7.09525pt::7.09525pt::5.19052pt.
[48


]
l2hSize :tex2html_wrap_inline16398:6.59525pt::0.0pt::3.94516pt.
[49


]
l2hSize :tex2html_wrap_inline16400:8.14003pt::0.0pt::26.823pt.
[50


]
l2hSize :tex2html_wrap_inline16402:8.14003pt::0.0pt::19.32298pt.
[51


]
l2hSize :displaymath81236:14.5pt::0.0pt::349.0pt.
[52


]
l2hSize :tex2html_wrap_inline87042:6.45831pt::0.0pt::28.43747pt.
[53


]
l2hSize :tex2html_wrap_inline87044:6.45831pt::0.0pt::38.00346pt.
[54


]
l2hSize :tex2html_wrap_inline87433:8.91226pt::8.91226pt::90.8115pt.
[55


]
l2hSize :tex2html_wrap_inline87435:6.94444pt::0.0pt::31.3402pt.
[56


]
l2hSize :tex2html_wrap_inline87437:7.44444pt::7.44444pt::42.77301pt.
[57


]
l2hSize :tex2html_wrap_inline87441:6.95831pt::6.95831pt::11.13547pt.
[58


]
l2hSize :tex2html_wrap_inline87443:8.91226pt::8.91226pt::93.68987pt.
[59


]
l2hSize :tex2html_wrap_inline87445:6.95831pt::6.95831pt::9.54459pt.
[60


]
l2hSize :tex2html_wrap_inline87449:7.44444pt::7.44444pt::24.38899pt.
[61


]
l2hSize :tex2html_wrap_inline87878:8.64003pt::8.64003pt::46.0046pt.
[62


]
l2hSize :tex2html_wrap_inline88241:6.95831pt::6.95831pt::57.1226pt.
[63


]
l2hSize :tex2html_wrap_inline88243:6.95831pt::6.95831pt::24.81012pt.
[64


]
l2hSize :tex2html_wrap_inline88245:6.95831pt::6.95831pt::23.69904pt.
[65


]
l2hSize :tex2html_wrap_inline88247:7.44444pt::7.44444pt::42.40964pt.
[66


]
l2hSize :tex2html_wrap_inline88253:6.83331pt::0.0pt::11.29169pt.
[67


]
l2hSize :tex2html_wrap_inline88261:8.64003pt::8.64003pt::88.31703pt.
[68


]
l2hSize :tex2html_wrap_inline88281:8.0pt::8.0pt::99.0647pt.
[69


]
l2hSize :tex2html_wrap_inline88285:6.95831pt::6.95831pt::43.55893pt.
[70


]
l2hSize :tex2html_wrap_inline88289:8.0pt::8.0pt::130.33759pt.
[71


]
l2hSize :tex2html_wrap_inline88291:8.0pt::8.0pt::103.94908pt.
[72


]
l2hSize :tex2html_wrap_inline88293:6.45831pt::0.0pt::5.50005pt.
[73


]
l2hSize :tex2html_wrap_inline88295:6.45831pt::0.0pt::5.50005pt.
[74


]
l2hSize :tex2html_wrap_inline88301:6.45831pt::0.0pt::13.27785pt.
[75


]
l2hSize :tex2html_wrap_inline88303:8.0pt::8.0pt::97.12024pt.
[76


]
l2hSize :tex2html_wrap_inline88317:8.0pt::8.0pt::67.67116pt.
[77


]
l2hSize :tex2html_wrap_inline88321:8.0pt::8.0pt::87.79271pt.
[78


]
l2hSize :tex2html_wrap_inline88331:8.0pt::8.0pt::130.33759pt.
[79


]
l2hSize :tex2html_wrap_inline88333:8.0pt::8.0pt::84.22684pt.
[80


]
l2hSize :tex2html_wrap_inline88335:8.0pt::8.0pt::80.59824pt.
[81


]
l2hSize :tex2html_wrap_inline88345:8.91226pt::8.91226pt::75.54823pt.
[82


]
l2hSize :tex2html_wrap_inline88353:7.44444pt::7.44444pt::25.06711pt.
[83


]
l2hSize :tex2html_wrap_inline88355:7.44444pt::7.44444pt::42.28926pt.
[84


]
l2hSize :displaymath88239:73.0pt::0.0pt::349.0pt.
[85


]
l2hSize :tex2html_wrap_inline88363:8.0pt::8.0pt::99.0647pt.
[86


]
l2hSize :tex2html_wrap_inline88371:6.95831pt::6.95831pt::27.73433pt.
[87


]
l2hSize :tex2html_wrap_inline88373:8.0pt::8.0pt::99.0647pt.
[88


]
l2hSize :tex2html_wrap_inline88375:8.0pt::8.0pt::46.03067pt.
[89


]
l2hSize :tex2html_wrap_inline88377:6.95831pt::6.95831pt::9.4011pt.
[90


]
l2hSize :tex2html_wrap_inline88379:6.95831pt::6.95831pt::9.36409pt.
[91


]
l2hSize :tex2html_wrap_inline88381:6.95831pt::6.95831pt::70.48706pt.
[92


]
l2hSize :tex2html_wrap_inline88389:6.95831pt::6.95831pt::28.55145pt.
[93


]
l2hSize :tex2html_wrap_inline88393:6.45831pt::0.0pt::22.95018pt.
[94


]
l2hSize :eqnarraystar88217:28.35971pt::0.0pt::349.0pt.
[95


]
l2hSize :tex2html_wrap_inline88399:6.95831pt::6.95831pt::27.37846pt.
[96


]
l2hSize :tex2html_wrap_inline91693:6.94444pt::0.0pt::6.02087pt.
[97


]
l2hSize :displaymath91689:37.0pt::0.0pt::349.0pt.
[98


]
l2hSize :displaymath91690:37.0pt::0.0pt::349.0pt.
[99


]
l2hSize :tex2html_wrap_inline91699:6.95831pt::6.95831pt::8.27783pt.
[100


]
l2hSize :tex2html_wrap_inline91701:6.95831pt::6.95831pt::16.05556pt.
[101


]
l2hSize :tex2html_wrap_inline91703:6.95831pt::6.95831pt::8.27783pt.
[102


]
l2hSize :tex2html_wrap_inline91705:6.95831pt::6.95831pt::16.05556pt.
[103


]
l2hSize :tex2html_wrap_inline91717:8.91226pt::8.91226pt::35.42572pt.
[104


]
l2hSize :tex2html_wrap_inline91719:8.91226pt::8.91226pt::52.33536pt.
[105


]
l2hSize :tex2html_wrap_inline91721:8.91226pt::8.91226pt::34.71048pt.
[106


]
l2hSize :tex2html_wrap_inline91733:8.91226pt::8.91226pt::35.00795pt.
[107


]
l2hSize :tex2html_wrap_inline91735:8.91226pt::8.91226pt::52.32039pt.
[108


]
l2hSize :tex2html_wrap_inline91741:8.91226pt::8.91226pt::34.6596pt.
[109


]
l2hSize :tex2html_wrap_inline91779:8.0pt::8.0pt::11.1459pt.
[110


]
l2hSize :tex2html_wrap_inline93466:6.45831pt::0.0pt::9.28017pt.
[111


]
l2hSize :tex2html_wrap_inline93468:6.94444pt::0.0pt::17.5429pt.
[112


]
l2hSize :tex2html_wrap_inline93472:6.45831pt::0.0pt::13.45491pt.
[113


]
l2hSize :tex2html_wrap_inline93476:6.83331pt::0.0pt::9.56946pt.
[114


]
l2hSize :tex2html_wrap_inline93488:6.83331pt::0.0pt::15.47572pt.
[115


]
l2hSize :tex2html_wrap_inline93500:6.83331pt::0.0pt::58.50595pt.
[116


]
l2hSize :tex2html_wrap_inline93502:6.45831pt::0.0pt::52.53378pt.
[117


]
l2hSize :tex2html_wrap_inline98482:8.64003pt::8.64003pt::31.19446pt.
[118


]
l2hSize :tex2html_wrap_inline99607:8.64003pt::8.64003pt::222.22206pt.
[119


]
l2hSize :tex2html_wrap_inline99609:8.14003pt::0.0pt::34.05565pt.
[120


]
l2hSize :tex2html_wrap_inline99611:6.83331pt::0.0pt::53.08331pt.
[121


]
l2hSize :tex2html_wrap_inline99613:8.14003pt::0.0pt::29.05563pt.
[122


]
l2hSize :displaymath99497:61.0pt::0.0pt::349.0pt.
[123


]
l2hSize :tex2html_wrap_inline100152:8.41226pt::0.0pt::21.79971pt.
[124


]
l2hSize :tex2html_wrap_inline100878:6.95831pt::6.95831pt::45.9212pt.
[125


]
l2hSize :tex2html_wrap_inline100880:6.95831pt::6.95831pt::28.07408pt.
[126


]
l2hSize :tex2html_wrap_inline100882:6.95831pt::6.95831pt::13.27785pt.
[127


]
l2hSize :tex2html_wrap_inline100886:8.0pt::8.0pt::199.85597pt.
[128


]
l2hSize :tex2html_wrap_inline100888:8.14003pt::0.0pt::14.98619pt.
[129


]
l2hSize :tex2html_wrap_inline100892:6.45831pt::0.0pt::10.50006pt.
[130


]
l2hSize :tex2html_wrap_inline100894:6.45831pt::0.0pt::5.50005pt.
[131


]
l2hSize :tex2html_wrap_inline100896:6.45831pt::0.0pt::15.50008pt.
[132


]
l2hSize :tex2html_wrap_inline100902:6.45831pt::0.0pt::10.50006pt.
[133


]
l2hSize :tex2html_wrap_inline100904:6.45831pt::0.0pt::15.50008pt.
[134


]
l2hSize :tex2html_wrap_inline100914:8.0pt::8.0pt::34.38893pt.
[135


]
l2hSize :tex2html_wrap_inline100916:8.0pt::8.0pt::72.72238pt.
[136


]
l2hSize :tex2html_wrap_inline100918:8.0pt::8.0pt::34.38893pt.
[137


]
l2hSize :tex2html_wrap_inline100922:8.0pt::8.0pt::147.44437pt.
[138


] (./images.aux) ) 
Here is how much of TeX's memory you used:
 1210 strings out of 495062
 15590 string characters out of 1182644
 65509 words of memory out of 3000000
 4430 multiletter control sequences out of 15000+50000
 4144 words of font info for 17 fonts, out of 3000000 for 9000
 28 hyphenation exceptions out of 8191
 25i,9n,19p,185b,163s stack positions out of 5000i,500n,10000p,200000b,50000s

Output written on images.dvi (138 pages, 33840 bytes).
